This is pdfTeX, Version 3.14159265-2.6-1.40.21 (TeX Live 2020/W32TeX) (preloaded format=pdflatex 2023.1.10)  11 JAN 2023 13:40
entering extended mode
 restricted \write18 enabled.
 %&-line parsing enabled.
**Genetic_Algorithms.tex
(./Genetic_Algorithms.tex
LaTeX2e <2020-02-02> patch level 5
L3 programming layer <2020-03-06>
(c:/texlive/2020/texmf-dist/tex/latex/base/article.cls
Document Class: article 2019/12/20 v1.4l Standard LaTeX document class
(c:/texlive/2020/texmf-dist/tex/latex/base/size10.clo
File: size10.clo 2019/12/20 v1.4l Standard LaTeX file (size option)
)
\c@part=\count167
\c@section=\count168
\c@subsection=\count169
\c@subsubsection=\count170
\c@paragraph=\count171
\c@subparagraph=\count172
\c@figure=\count173
\c@table=\count174
\abovecaptionskip=\skip47
\belowcaptionskip=\skip48
\bibindent=\dimen134
)
(c:/texlive/2020/texmf-dist/tex/latex/base/inputenc.sty
Package: inputenc 2018/08/11 v1.3c Input encoding file
\inpenc@prehook=\toks15
\inpenc@posthook=\toks16
)
(c:/texlive/2020/texmf-dist/tex/latex/algorithms/algorithm.sty
Package: algorithm 2009/08/24 v0.1 Document Style `algorithm' - floating enviro
nment

(c:/texlive/2020/texmf-dist/tex/latex/float/float.sty
Package: float 2001/11/08 v1.3d Float enhancements (AL)
\c@float@type=\count175
\float@exts=\toks17
\float@box=\box45
\@float@everytoks=\toks18
\@floatcapt=\box46
)
(c:/texlive/2020/texmf-dist/tex/latex/base/ifthen.sty
Package: ifthen 2014/09/29 v1.1c Standard LaTeX ifthen package (DPC)
)
\@float@every@algorithm=\toks19
\c@algorithm=\count176
)
(c:/texlive/2020/texmf-dist/tex/latex/algorithmicx/algpseudocode.sty
Package: algpseudocode 

(c:/texlive/2020/texmf-dist/tex/latex/algorithmicx/algorithmicx.sty
Package: algorithmicx 2005/04/27 v1.2 Algorithmicx

Document Style algorithmicx 1.2 - a greatly improved `algorithmic' style
\c@ALG@line=\count177
\c@ALG@rem=\count178
\c@ALG@nested=\count179
\ALG@tlm=\skip49
\ALG@thistlm=\skip50
\c@ALG@Lnr=\count180
\c@ALG@blocknr=\count181
\c@ALG@storecount=\count182
\c@ALG@tmpcounter=\count183
\ALG@tmplength=\skip51
)
Document Style - pseudocode environments for use with the `algorithmicx' style
) (c:/texlive/2020/texmf-dist/tex/latex/graphics/graphicx.sty
Package: graphicx 2019/11/30 v1.2a Enhanced LaTeX Graphics (DPC,SPQR)

(c:/texlive/2020/texmf-dist/tex/latex/graphics/keyval.sty
Package: keyval 2014/10/28 v1.15 key=value parser (DPC)
\KV@toks@=\toks20
)
(c:/texlive/2020/texmf-dist/tex/latex/graphics/graphics.sty
Package: graphics 2019/11/30 v1.4a Standard LaTeX Graphics (DPC,SPQR)

(c:/texlive/2020/texmf-dist/tex/latex/graphics/trig.sty
Package: trig 2016/01/03 v1.10 sin cos tan (DPC)
)
(c:/texlive/2020/texmf-dist/tex/latex/graphics-cfg/graphics.cfg
File: graphics.cfg 2016/06/04 v1.11 sample graphics configuration
)
Package graphics Info: Driver file: pdftex.def on input line 105.

(c:/texlive/2020/texmf-dist/tex/latex/graphics-def/pdftex.def
File: pdftex.def 2018/01/08 v1.0l Graphics/color driver for pdftex
))
\Gin@req@height=\dimen135
\Gin@req@width=\dimen136
)
(c:/texlive/2020/texmf-dist/tex/latex/amsmath/amsmath.sty
Package: amsmath 2020/01/20 v2.17e AMS math features
\@mathmargin=\skip52

For additional information on amsmath, use the `?' option.
(c:/texlive/2020/texmf-dist/tex/latex/amsmath/amstext.sty
Package: amstext 2000/06/29 v2.01 AMS text

(c:/texlive/2020/texmf-dist/tex/latex/amsmath/amsgen.sty
File: amsgen.sty 1999/11/30 v2.0 generic functions
\@emptytoks=\toks21
\ex@=\dimen137
))
(c:/texlive/2020/texmf-dist/tex/latex/amsmath/amsbsy.sty
Package: amsbsy 1999/11/29 v1.2d Bold Symbols
\pmbraise@=\dimen138
)
(c:/texlive/2020/texmf-dist/tex/latex/amsmath/amsopn.sty
Package: amsopn 2016/03/08 v2.02 operator names
)
\inf@bad=\count184
LaTeX Info: Redefining \frac on input line 227.
\uproot@=\count185
\leftroot@=\count186
LaTeX Info: Redefining \overline on input line 389.
\classnum@=\count187
\DOTSCASE@=\count188
LaTeX Info: Redefining \ldots on input line 486.
LaTeX Info: Redefining \dots on input line 489.
LaTeX Info: Redefining \cdots on input line 610.
\Mathstrutbox@=\box47
\strutbox@=\box48
\big@size=\dimen139
LaTeX Font Info:    Redeclaring font encoding OML on input line 733.
LaTeX Font Info:    Redeclaring font encoding OMS on input line 734.
\macc@depth=\count189
\c@MaxMatrixCols=\count190
\dotsspace@=\muskip16
\c@parentequation=\count191
\dspbrk@lvl=\count192
\tag@help=\toks22
\row@=\count193
\column@=\count194
\maxfields@=\count195
\andhelp@=\toks23
\eqnshift@=\dimen140
\alignsep@=\dimen141
\tagshift@=\dimen142
\tagwidth@=\dimen143
\totwidth@=\dimen144
\lineht@=\dimen145
\@envbody=\toks24
\multlinegap=\skip53
\multlinetaggap=\skip54
\mathdisplay@stack=\toks25
LaTeX Info: Redefining \[ on input line 2859.
LaTeX Info: Redefining \] on input line 2860.
)
(c:/texlive/2020/texmf-dist/tex/latex/l3backend/l3backend-pdfmode.def
File: l3backend-pdfmode.def 2020-03-12 L3 backend support: PDF mode
\l__kernel_color_stack_int=\count196
\l__pdf_internal_box=\box49
)

LaTeX Warning: Unused global option(s):
    [14pt].

(./Genetic_Algorithms.aux)
\openout1 = `Genetic_Algorithms.aux'.

LaTeX Font Info:    Checking defaults for OML/cmm/m/it on input line 17.
LaTeX Font Info:    ... okay on input line 17.
LaTeX Font Info:    Checking defaults for OMS/cmsy/m/n on input line 17.
LaTeX Font Info:    ... okay on input line 17.
LaTeX Font Info:    Checking defaults for OT1/cmr/m/n on input line 17.
LaTeX Font Info:    ... okay on input line 17.
LaTeX Font Info:    Checking defaults for T1/cmr/m/n on input line 17.
LaTeX Font Info:    ... okay on input line 17.
LaTeX Font Info:    Checking defaults for TS1/cmr/m/n on input line 17.
LaTeX Font Info:    ... okay on input line 17.
LaTeX Font Info:    Checking defaults for OMX/cmex/m/n on input line 17.
LaTeX Font Info:    ... okay on input line 17.
LaTeX Font Info:    Checking defaults for U/cmr/m/n on input line 17.
LaTeX Font Info:    ... okay on input line 17.

(c:/texlive/2020/texmf-dist/tex/context/base/mkii/supp-pdf.mkii
[Loading MPS to PDF converter (version 2006.09.02).]
\scratchcounter=\count197
\scratchdimen=\dimen146
\scratchbox=\box50
\nofMPsegments=\count198
\nofMParguments=\count199
\everyMPshowfont=\toks26
\MPscratchCnt=\count266
\MPscratchDim=\dimen147
\MPnumerator=\count267
\makeMPintoPDFobject=\count268
\everyMPtoPDFconversion=\toks27
) (c:/texlive/2020/texmf-dist/tex/latex/epstopdf-pkg/epstopdf-base.sty
Package: epstopdf-base 2020-01-24 v2.11 Base part for package epstopdf

(c:/texlive/2020/texmf-dist/tex/generic/infwarerr/infwarerr.sty
Package: infwarerr 2019/12/03 v1.5 Providing info/warning/error messages (HO)
)
(c:/texlive/2020/texmf-dist/tex/latex/grfext/grfext.sty
Package: grfext 2019/12/03 v1.3 Manage graphics extensions (HO)

(c:/texlive/2020/texmf-dist/tex/generic/kvdefinekeys/kvdefinekeys.sty
Package: kvdefinekeys 2019-12-19 v1.6 Define keys (HO)
))
(c:/texlive/2020/texmf-dist/tex/latex/kvoptions/kvoptions.sty
Package: kvoptions 2019/11/29 v3.13 Key value format for package options (HO)

(c:/texlive/2020/texmf-dist/tex/generic/ltxcmds/ltxcmds.sty
Package: ltxcmds 2019/12/15 v1.24 LaTeX kernel commands for general use (HO)
)
(c:/texlive/2020/texmf-dist/tex/generic/kvsetkeys/kvsetkeys.sty
Package: kvsetkeys 2019/12/15 v1.18 Key value parser (HO)
))
(c:/texlive/2020/texmf-dist/tex/latex/pdftexcmds/pdftexcmds.sty
Package: pdftexcmds 2019/11/24 v0.31 Utility functions of pdfTeX for LuaTeX (HO
)

(c:/texlive/2020/texmf-dist/tex/generic/iftex/iftex.sty
Package: iftex 2020/03/06 v1.0d TeX engine tests
)
Package pdftexcmds Info: \pdf@primitive is available.
Package pdftexcmds Info: \pdf@ifprimitive is available.
Package pdftexcmds Info: \pdfdraftmode found.
)
Package epstopdf-base Info: Redefining graphics rule for `.eps' on input line 4
85.
Package grfext Info: Graphics extension search list:
(grfext)             [.pdf,.png,.jpg,.mps,.jpeg,.jbig2,.jb2,.PDF,.PNG,.JPG,.JPE
G,.JBIG2,.JB2,.eps]
(grfext)             \AppendGraphicsExtensions on input line 504.

(c:/texlive/2020/texmf-dist/tex/latex/latexconfig/epstopdf-sys.cfg
File: epstopdf-sys.cfg 2010/07/13 v1.3 Configuration of (r)epstopdf for TeX Liv
e
)) [1

{c:/texlive/2020/texmf-var/fonts/map/pdftex/updmap/pdftex.map}]

! LaTeX Error: Something's wrong--perhaps a missing \item.

See the LaTeX manual or LaTeX Companion for explanation.
Type  H <return>  for immediate help.
 ...                                              
                                                  
l.63                 \begin{enumerate}
                                      
Try typing  <return>  to proceed.
If that doesn't work, type  X <return>  to quit.


Overfull \hbox (0.3896pt too wide) in paragraph at lines 28--72
\OT1/cmr/m/n/10 op-ti-miza-tion al-go-rithms un-der the uni-ver-sally ac-cepted
 neo-Darwinian paradigm
 []

[2] [3]
<Genotype.PNG, id=18, 301.8778pt x 109.1578pt>
File: Genotype.PNG Graphic file (type png)
<use Genotype.PNG>
Package pdftex.def Info: Genotype.PNG  used on input line 107.
(pdftex.def)             Requested size: 142.2603pt x 113.81125pt.
 [4 <./Genotype.PNG>]
<encoding-decoding_1.PNG, id=24, 277.035pt x 58.71938pt>
File: encoding-decoding_1.PNG Graphic file (type png)
<use encoding-decoding_1.PNG>
Package pdftex.def Info: encoding-decoding_1.PNG  used on input line 138.
(pdftex.def)             Requested size: 142.26245pt x 56.90573pt.


! Package inputenc Error: Unicode character − (U+2212)
(inputenc)                not set up for use with LaTeX.

See the inputenc package documentation for explanation.
Type  H <return>  for immediate help.
 ...                                              
                                                  
l.142 		$[xi−
               , xi+]$ with	a coding $sli . . . s2s1,$ where $li$ is its bit...

You may provide a definition with
\DeclareUnicodeCharacter 


! Package inputenc Error: Unicode character ∈ (U+2208)
(inputenc)                not set up for use with LaTeX.

See the inputenc package documentation for explanation.
Type  H <return>  for immediate help.
 ...                                              
                                                  
l.142 ... bit-length in the chromosome and $si ∈
                                                   {0, 1}$,
You may provide a definition with
\DeclareUnicodeCharacter 

[5 <./encoding-decoding_1.PNG>] [6] [7]

! Package inputenc Error: Unicode character ≈ (U+2248)
(inputenc)                not set up for use with LaTeX.

See the inputenc package documentation for explanation.
Type  H <return>  for immediate help.
 ...                                              
                                                  
l.250 ...ll tournament > age-based replacement ≈
                                                   replace random. Elitism i...

You may provide a definition with
\DeclareUnicodeCharacter 

[8]
<cross-over_figure2_1.PNG, id=46, 394.47375pt x 326.72063pt>
File: cross-over_figure2_1.PNG Graphic file (type png)
<use cross-over_figure2_1.PNG>
Package pdftex.def Info: cross-over_figure2_1.PNG  used on input line 281.
(pdftex.def)             Requested size: 312.97914pt x 312.9802pt.
 [9] [10 <./cross-over_figure2_1.PNG>]
<mutation_figure2-2.PNG, id=54, 360.59718pt x 295.1025pt>
File: mutation_figure2-2.PNG Graphic file (type png)
<use mutation_figure2-2.PNG>
Package pdftex.def Info: mutation_figure2-2.PNG  used on input line 325.
(pdftex.def)             Requested size: 312.9797pt x 312.98726pt.
 [11] [12 <./mutation_figure2-2.PNG>]
[13]
! Missing $ inserted.
<inserted text> 
                $
l.392 			\noindent where the constants \alpha
                                             _0 > 0, \gamma_0 ≥ 0, and l i...
I've inserted a begin-math/end-math symbol since I think
you left one out. Proceed, with fingers crossed.


! Package inputenc Error: Unicode character ≥ (U+2265)
(inputenc)                not set up for use with LaTeX.

See the inputenc package documentation for explanation.
Type  H <return>  for immediate help.
 ...                                              
                                                  
l.392 ... the constants \alpha_0 > 0, \gamma_0 ≥
                                                   0, and l is the length of...

You may provide a definition with
\DeclareUnicodeCharacter 

! Missing $ inserted.
<inserted text> 
                $
l.393 			\alpha_0 = 1.76 and \gamma = 0. \par
                                             
I've inserted a begin-math/end-math symbol since I think
you left one out. Proceed, with fingers crossed.

[14] [15]
<exploitation-vs-exploration_figure-2-3.PNG, id=75, 514.92375pt x 301.125pt>
File: exploitation-vs-exploration_figure-2-3.PNG Graphic file (type png)
<use exploitation-vs-exploration_figure-2-3.PNG>
Package pdftex.def Info: exploitation-vs-exploration_figure-2-3.PNG  used on in
put line 464.
(pdftex.def)             Requested size: 312.98732pt x 199.17502pt.
 [16 <./exploitation-vs-exploration_figure-2-3.PNG>]
! Display math should end with $$.
<to be read again> 
                   g
l.473 			$g
           _i$ =
The `$' that I just saw supposedly matches a previous `$$'.
So I shall assume that you typed `$$' both times.

! Missing $ inserted.
<inserted text> 
                $
l.473 			$g_
            i$ =
I've inserted a begin-math/end-math symbol since I think
you left one out. Proceed, with fingers crossed.

! Missing $ inserted.
<inserted text> 
                $
l.474 			\begin{cases}
                      
I've inserted a begin-math/end-math symbol since I think
you left one out. Proceed, with fingers crossed.

! Missing $ inserted.
<inserted text> 
                $
l.475 				$b_
             1$,                 & \text{$i = 1$} \\
I've inserted a begin-math/end-math symbol since I think
you left one out. Proceed, with fingers crossed.

! Missing $ inserted.
<inserted text> 
                $
l.475 				$b_1$,                 &
                                   \text{$i = 1$} \\
I've inserted a begin-math/end-math symbol since I think
you left one out. Proceed, with fingers crossed.

! Missing $ inserted.
<inserted text> 
                $
l.476 				$b_
             i$\oplus $b_{i-1},  & \text{$i > 1$}
I've inserted a begin-math/end-math symbol since I think
you left one out. Proceed, with fingers crossed.

! Missing $ inserted.
<inserted text> 
                $
l.476 				$b_i$\oplus
                      $b_{i-1},  & \text{$i > 1$}
I've inserted a begin-math/end-math symbol since I think
you left one out. Proceed, with fingers crossed.

! Missing $ inserted.
<inserted text> 
                $
l.476 				$b_i$\oplus $b_
                         {i-1},  & \text{$i > 1$}
I've inserted a begin-math/end-math symbol since I think
you left one out. Proceed, with fingers crossed.

! Missing $ inserted.
<inserted text> 
                $
l.477 			\end{cases}
                    
I've inserted something that you may have forgotten.
(See the <inserted text> above.)
With luck, this will get me unwedged. But if you
really didn't forget anything, try typing `2' now; then
my insertion and my current dilemma will both disappear.


! LaTeX Error: Bad math environment delimiter.

See the LaTeX manual or LaTeX Companion for explanation.
Type  H <return>  for immediate help.
 ...                                              
                                                  
l.478 		\]
          $
Your command was ignored.
Type  I <command> <return>  to replace it with another command,
or  <return>  to continue without it.

! Missing $ inserted.
<inserted text> 
                $
l.478 		\]
          $
I've inserted something that you may have forgotten.
(See the <inserted text> above.)
With luck, this will get me unwedged. But if you
really didn't forget anything, try typing `2' now; then
my insertion and my current dilemma will both disappear.

! Display math should end with $$.
<to be read again> 
                   \endgroup 
l.478 		\]
          $
The `$' that I just saw supposedly matches a previous `$$'.
So I shall assume that you typed `$$' both times.


! LaTeX Error: Command \end{center} invalid in math mode.

See the LaTeX manual or LaTeX Companion for explanation.
Type  H <return>  for immediate help.
 ...                                              
                                                  
l.479 		\end{center}
                    
Try typing  <return>  to proceed.
If that doesn't work, type  X <return>  to quit.


! LaTeX Error: Something's wrong--perhaps a missing \item.

See the LaTeX manual or LaTeX Companion for explanation.
Type  H <return>  for immediate help.
 ...                                              
                                                  
l.479 		\end{center}
                    
Try typing  <return>  to proceed.
If that doesn't work, type  X <return>  to quit.


! LaTeX Error: Something's wrong--perhaps a missing \item.

See the LaTeX manual or LaTeX Companion for explanation.
Type  H <return>  for immediate help.
 ...                                              
                                                  
l.479 		\end{center}
                    
Try typing  <return>  to proceed.
If that doesn't work, type  X <return>  to quit.

! Missing $ inserted.
<inserted text> 
                $
l.479 		\end{center}
                    
I've inserted something that you may have forgotten.
(See the <inserted text> above.)
With luck, this will get me unwedged. But if you
really didn't forget anything, try typing `2' now; then
my insertion and my current dilemma will both disappear.

! Display math should end with $$.
<to be read again> 
                   b
l.486 			$b
           _i$ = \sum_{j=1}^{i}
The `$' that I just saw supposedly matches a previous `$$'.
So I shall assume that you typed `$$' both times.

! Missing $ inserted.
<inserted text> 
                $
l.486 			$b_
            i$ = \sum_{j=1}^{i}
I've inserted a begin-math/end-math symbol since I think
you left one out. Proceed, with fingers crossed.

! Missing $ inserted.
<inserted text> 
                $
l.486 			$b_i$ = \sum
                     _{j=1}^{i}
I've inserted a begin-math/end-math symbol since I think
you left one out. Proceed, with fingers crossed.

! Missing $ inserted.
<inserted text> 
                $
l.487 		\]
          
I've inserted something that you may have forgotten.
(See the <inserted text> above.)
With luck, this will get me unwedged. But if you
really didn't forget anything, try typing `2' now; then
my insertion and my current dilemma will both disappear.


! Package inputenc Error: Unicode character ∈ (U+2208)
(inputenc)                not set up for use with LaTeX.

See the inputenc package documentation for explanation.
Type  H <return>  for immediate help.
 ...                                              
                                                  
l.494 ... in Example 1.1. The domain is x1, x2 ∈
                                                   [−2048, 2048]. For simp...

You may provide a definition with
\DeclareUnicodeCharacter 


! Package inputenc Error: Unicode character − (U+2212)
(inputenc)                not set up for use with LaTeX.

See the inputenc package documentation for explanation.
Type  H <return>  for immediate help.
 ...                                              
                                                  
l.494 ...xample 1.1. The domain is x1, x2 ∈ [−
                                                  2048, 2048]. For simple GA...

You may provide a definition with
\DeclareUnicodeCharacter 


! Package inputenc Error: Unicode character ∈ (U+2208)
(inputenc)                not set up for use with LaTeX.

See the inputenc package documentation for explanation.
Type  H <return>  for immediate help.
 ...                                              
                                                  
l.503 ...g real-coded GA. The domain is x1, x2 ∈
                                                   [−2, 048, 2, 048]. The ...

You may provide a definition with
\DeclareUnicodeCharacter 


! Package inputenc Error: Unicode character − (U+2212)
(inputenc)                not set up for use with LaTeX.

See the inputenc package documentation for explanation.
Type  H <return>  for immediate help.
 ...                                              
                                                  
l.503 ...l-coded GA. The domain is x1, x2 ∈ [−
                                                  2, 048, 2, 048]. The globa...

You may provide a definition with
\DeclareUnicodeCharacter 


! Package inputenc Error: Unicode character − (U+2212)
(inputenc)                not set up for use with LaTeX.

See the inputenc package documentation for explanation.
Type  H <return>  for immediate help.
 ...                                              
                                                  
l.510 ...nealing variance $\sigma = \sigma_0(1 −
                                                   \frac{1}{T} ) + \sigma_1$...

You may provide a definition with
\DeclareUnicodeCharacter 

[17]
<figure_3-1.PNG, id=83, 520.19344pt x 301.125pt>
File: figure_3-1.PNG Graphic file (type png)
<use figure_3-1.PNG>
Package pdftex.def Info: figure_3-1.PNG  used on input line 520.
(pdftex.def)             Requested size: 312.97571pt x 256.09988pt.
 [18 <./figure_3-1.PNG>]
<figure_4-1.PNG, id=88, 436.63126pt x 243.15843pt>
File: figure_4-1.PNG Graphic file (type png)
<use figure_4-1.PNG>
Package pdftex.def Info: figure_4-1.PNG  used on input line 540.
(pdftex.def)             Requested size: 312.98181pt x 199.16858pt.
 [19 <./figure_4-1.PNG>]
Overfull \hbox (4.37566pt too wide) in paragraph at lines 556--559
\OT1/cmr/m/n/10 Pro-ceed-ings of ge-netic and evo-lu-tion-ary com-pu-ta-tion co
n-fer-ence (GECCO),
 []

[20] (./Genetic_Algorithms.aux) ) 
Here is how much of TeX's memory you used:
 2929 strings out of 480608
 41958 string characters out of 5907536
 289125 words of memory out of 5000000
 18778 multiletter control sequences out of 15000+600000
 538402 words of font info for 45 fonts, out of 8000000 for 9000
 1141 hyphenation exceptions out of 8191
 34i,13n,29p,264b,325s stack positions out of 5000i,500n,10000p,200000b,80000s
{c:/texlive/2020/texmf-dist/fonts/enc/dvips/cm
-super/cm-super-ts1.enc}<c:/texlive/2020/texmf-dist/fonts/type1/public/amsfonts
/cm/cmbx10.pfb><c:/texlive/2020/texmf-dist/fonts/type1/public/amsfonts/cm/cmbx1
2.pfb><c:/texlive/2020/texmf-dist/fonts/type1/public/amsfonts/cm/cmex10.pfb><c:
/texlive/2020/texmf-dist/fonts/type1/public/amsfonts/cm/cmmi10.pfb><c:/texlive/
2020/texmf-dist/fonts/type1/public/amsfonts/cm/cmmi5.pfb><c:/texlive/2020/texmf
-dist/fonts/type1/public/amsfonts/cm/cmmi7.pfb><c:/texlive/2020/texmf-dist/font
s/type1/public/amsfonts/cm/cmr10.pfb><c:/texlive/2020/texmf-dist/fonts/type1/pu
blic/amsfonts/cm/cmr12.pfb><c:/texlive/2020/texmf-dist/fonts/type1/public/amsfo
nts/cm/cmr17.pfb><c:/texlive/2020/texmf-dist/fonts/type1/public/amsfonts/cm/cmr
5.pfb><c:/texlive/2020/texmf-dist/fonts/type1/public/amsfonts/cm/cmr7.pfb><c:/t
exlive/2020/texmf-dist/fonts/type1/public/amsfonts/cm/cmsy10.pfb><c:/texlive/20
20/texmf-dist/fonts/type1/public/amsfonts/cm/cmsy5.pfb><c:/texlive/2020/texmf-d
ist/fonts/type1/public/amsfonts/cm/cmsy7.pfb><c:/texlive/2020/texmf-dist/fonts/
type1/public/amsfonts/cm/cmti10.pfb><c:/texlive/2020/texmf-dist/fonts/type1/pub
lic/cm-super/sfrm1000.pfb>
Output written on Genetic_Algorithms.pdf (20 pages, 348386 bytes).
PDF statistics:
 149 PDF objects out of 1000 (max. 8388607)
 96 compressed objects within 1 object stream
 0 named destinations out of 1000 (max. 500000)
 36 words of extra memory for PDF output out of 10000 (max. 10000000)

